#
# There is insufficient memory for the Java Runtime Environment to continue.
# Native memory allocation (mmap) failed to map 199229440 bytes for G1 virtual space
# Possible reasons:
#   The system is out of physical RAM or swap space
#   The process is running with CompressedOops enabled, and the Java Heap may be blocking the growth of the native heap
# Possible solutions:
#   Reduce memory load on the system
#   Increase physical memory or swap space
#   Check if swap backing store is full
#   Decrease Java heap size (-Xmx/-Xms)
#   Decrease number of Java threads
#   Decrease Java thread stack sizes (-Xss)
#   Set larger code cache with -XX:ReservedCodeCacheSize=
#   JVM is running with Zero Based Compressed Oops mode in which the Java heap is
#     placed in the first 32GB address space. The Java Heap base address is the
#     maximum limit for the native heap growth. Please use -XX:HeapBaseMinAddress
#     to set the Java Heap base and to place the Java Heap above 32GB virtual address.
# This output file may be truncated or incomplete.
#
#  Out of Memory Error (os_windows.cpp:3548), pid=16404, tid=18684
#
# JRE version:  (17.0.5+8) (build )
# Java VM: OpenJDK 64-Bit Server VM (17.0.5+8, mixed mode, sharing, tiered, compressed oops, compressed class ptrs, g1 gc, windows-amd64)
# No core dump will be written. Minidumps are not enabled by default on client versions of Windows
#

---------------  S U M M A R Y ------------

Command Line: -Dfile.encoding=UTF-8 --module-path=C:\Users\iyadk\OneDrive\Desktop\CloudSimSET\cloudsim-3.0.3\bin -XX:+ShowCodeDetailsInExceptionMessages -Djdk.module.main=CloudSimSimplepro CloudSimSimplepro/org.cloudbus.cloudsim.examples.CloudSimExample1GUI

Host: Intel(R) Core(TM) i5-8265U CPU @ 1.60GHz, 8 cores, 11G,  Windows 10 , 64 bit Build 19041 (10.0.19041.3155)
Time: Sun Oct 22 00:28:58 2023 Pacific Daylight Time elapsed time: 0.023667 seconds (0d 0h 0m 0s)

---------------  T H R E A D  ---------------

Current thread (0x000002781bf30ac0):  JavaThread "Unknown thread" [_thread_in_vm, id=18684, stack(0x000000c110e00000,0x000000c110f00000)]

Stack: [0x000000c110e00000,0x000000c110f00000]
Native frames: (J=compiled Java code, j=interpreted, Vv=VM code, C=native code)
V  [jvm.dll+0x676b3a]
V  [jvm.dll+0x831444]
V  [jvm.dll+0x832bee]
V  [jvm.dll+0x833253]
V  [jvm.dll+0x244ce5]
V  [jvm.dll+0x673a49]
V  [jvm.dll+0x66811a]
V  [jvm.dll+0x303ceb]
V  [jvm.dll+0x30b1e6]
V  [jvm.dll+0x35adbe]
V  [jvm.dll+0x35afef]
V  [jvm.dll+0x2dab88]
V  [jvm.dll+0x2dbaf4]
V  [jvm.dll+0x803121]
V  [jvm.dll+0x368bb1]
V  [jvm.dll+0x7e265c]
V  [jvm.dll+0x3eb17f]
V  [jvm.dll+0x3eccc1]
C  [jli.dll+0x5267]
C  [ucrtbase.dll+0x21bb2]
C  [KERNEL32.DLL+0x17614]
C  [ntdll.dll+0x526b1]


---------------  P R O C E S S  ---------------

Threads class SMR info:
_java_thread_list=0x00007ffb30d52f18, length=0, elements={
}

Java Threads: ( => current thread )

Other Threads:
  0x000002781bf86d10 GCTaskThread "GC Thread#0" [stack: 0x000000c110f00000,0x000000c111000000] [id=20208]
  0x000002781bf93940 ConcurrentGCThread "G1 Main Marker" [stack: 0x000000c111000000,0x000000c111100000] [id=16516]
  0x000002781bf94b40 ConcurrentGCThread "G1 Conc#0" [stack: 0x000000c111100000,0x000000c111200000] [id=3448]

[error occurred during error reporting (printing all threads), id 0xc0000005, EXCEPTION_ACCESS_VIOLATION (0xc0000005) at pc=0x00007ffb3052b617]

VM state: not at safepoint (not fully initialized)

VM Mutex/Monitor currently owned by a thread:  ([mutex/lock_event])
[0x000002781bf2dd10] Heap_lock - owner thread: 0x000002781bf30ac0

Heap address: 0x0000000742200000, size: 3038 MB, Compressed Oops mode: Zero based, Oop shift amount: 3

CDS archive(s) mapped at: [0x0000000000000000-0x0000000000000000-0x0000000000000000), size 0, SharedBaseAddress: 0x0000000800000000, ArchiveRelocationMode: 0.
Narrow klass base: 0x0000000000000000, Narrow klass shift: 0, Narrow klass range: 0x0

GC Precious Log:
<Empty>

Heap:
 garbage-first heap   total 0K, used 0K [0x0000000742200000, 0x0000000800000000)
  region size 2048K, 0 young (0K), 0 survivors (0K)

[error occurred during error reporting (printing heap information), id 0xc0000005, EXCEPTION_ACCESS_VIOLATION (0xc0000005) at pc=0x00007ffb3090fcb9]

GC Heap History (0 events):
No events

Dll operation events (1 events):
Event: 0.011 Loaded shared library C:\Users\iyadk\.p2\pool\plugins\org.eclipse.justj.openjdk.hotspot.jre.full.win32.x86_64_17.0.5.v20221102-0933\jre\bin\java.dll

Deoptimization events (0 events):
No events

Classes unloaded (0 events):
No events

Classes redefined (0 events):
No events

Internal exceptions (0 events):
No events

VM Operations (0 events):
No events

Events (0 events):
No events


Dynamic libraries:
0x00007ff719af0000 - 0x00007ff719afe000 	C:\Users\iyadk\.p2\pool\plugins\org.eclipse.justj.openjdk.hotspot.jre.full.win32.x86_64_17.0.5.v20221102-0933\jre\bin\javaw.exe
0x00007ffbe1950000 - 0x00007ffbe1b48000 	C:\Windows\SYSTEM32\ntdll.dll
0x00007ffbe0d60000 - 0x00007ffbe0e1f000 	C:\Windows\System32\KERNEL32.DLL
0x00007ffbdf320000 - 0x00007ffbdf616000 	C:\Windows\System32\KERNELBASE.dll
0x00007ffbdf0a0000 - 0x00007ffbdf1a0000 	C:\Windows\System32\ucrtbase.dll
0x00007ffbd30d0000 - 0x00007ffbd30e9000 	C:\Users\iyadk\.p2\pool\plugins\org.eclipse.justj.openjdk.hotspot.jre.full.win32.x86_64_17.0.5.v20221102-0933\jre\bin\VCRUNTIME140.dll
0x00007ffbc5500000 - 0x00007ffbc5517000 	C:\Users\iyadk\.p2\pool\plugins\org.eclipse.justj.openjdk.hotspot.jre.full.win32.x86_64_17.0.5.v20221102-0933\jre\bin\jli.dll
0x00007ffbe0580000 - 0x00007ffbe071d000 	C:\Windows\System32\USER32.dll
0x00007ffbc28b0000 - 0x00007ffbc2b4a000 	C:\Windows\WinSxS\amd64_microsoft.windows.common-controls_6595b64144ccf1df_6.0.19041.1110_none_60b5254171f9507e\COMCTL32.dll
0x00007ffbdf1d0000 - 0x00007ffbdf1f2000 	C:\Windows\System32\win32u.dll
0x00007ffbdfb20000 - 0x00007ffbdfbbe000 	C:\Windows\System32\msvcrt.dll
0x00007ffbe0a10000 - 0x00007ffbe0a3c000 	C:\Windows\System32\GDI32.dll
0x00007ffbdf200000 - 0x00007ffbdf315000 	C:\Windows\System32\gdi32full.dll
0x00007ffbdf8c0000 - 0x00007ffbdf95d000 	C:\Windows\System32\msvcp_win.dll
0x00007ffbe14e0000 - 0x00007ffbe1510000 	C:\Windows\System32\IMM32.DLL
0x00007ffbd7250000 - 0x00007ffbd725c000 	C:\Users\iyadk\.p2\pool\plugins\org.eclipse.justj.openjdk.hotspot.jre.full.win32.x86_64_17.0.5.v20221102-0933\jre\bin\vcruntime140_1.dll
0x00007ffba2830000 - 0x00007ffba28c1000 	C:\Users\iyadk\.p2\pool\plugins\org.eclipse.justj.openjdk.hotspot.jre.full.win32.x86_64_17.0.5.v20221102-0933\jre\bin\msvcp140.dll
0x00007ffb30240000 - 0x00007ffb30e84000 	C:\Users\iyadk\.p2\pool\plugins\org.eclipse.justj.openjdk.hotspot.jre.full.win32.x86_64_17.0.5.v20221102-0933\jre\bin\server\jvm.dll
0x00007ffbdfa70000 - 0x00007ffbdfb1f000 	C:\Windows\System32\ADVAPI32.dll
0x00007ffbe1510000 - 0x00007ffbe15ac000 	C:\Windows\System32\sechost.dll
0x00007ffbe0e20000 - 0x00007ffbe0f46000 	C:\Windows\System32\RPCRT4.dll
0x00007ffbc27a0000 - 0x00007ffbc27c7000 	C:\Windows\SYSTEM32\WINMM.dll
0x00007ffbd5710000 - 0x00007ffbd5719000 	C:\Windows\SYSTEM32\WSOCK32.dll
0x00007ffbd4770000 - 0x00007ffbd477a000 	C:\Windows\SYSTEM32\VERSION.dll
0x00007ffbe08d0000 - 0x00007ffbe093b000 	C:\Windows\System32\WS2_32.dll
0x00007ffbdd0b0000 - 0x00007ffbdd0c2000 	C:\Windows\SYSTEM32\kernel.appcore.dll
0x00007ffbd5700000 - 0x00007ffbd570a000 	C:\Users\iyadk\.p2\pool\plugins\org.eclipse.justj.openjdk.hotspot.jre.full.win32.x86_64_17.0.5.v20221102-0933\jre\bin\jimage.dll
0x00007ffbdcc10000 - 0x00007ffbdcdf4000 	C:\Windows\SYSTEM32\DBGHELP.DLL
0x00007ffbc3760000 - 0x00007ffbc3794000 	C:\Windows\SYSTEM32\dbgcore.DLL
0x00007ffbdf620000 - 0x00007ffbdf6a2000 	C:\Windows\System32\bcryptPrimitives.dll
0x00007ffbba920000 - 0x00007ffbba945000 	C:\Users\iyadk\.p2\pool\plugins\org.eclipse.justj.openjdk.hotspot.jre.full.win32.x86_64_17.0.5.v20221102-0933\jre\bin\java.dll

dbghelp: loaded successfully - version: 4.0.5 - missing functions: none
symbol engine: initialized successfully - sym options: 0x614 - pdb path: .;C:\Users\iyadk\.p2\pool\plugins\org.eclipse.justj.openjdk.hotspot.jre.full.win32.x86_64_17.0.5.v20221102-0933\jre\bin;C:\Windows\SYSTEM32;C:\Windows\WinSxS\amd64_microsoft.windows.common-controls_6595b64144ccf1df_6.0.19041.1110_none_60b5254171f9507e;C:\Users\iyadk\.p2\pool\plugins\org.eclipse.justj.openjdk.hotspot.jre.full.win32.x86_64_17.0.5.v20221102-0933\jre\bin\server

VM Arguments:
jvm_args: -Dfile.encoding=UTF-8 --module-path=C:\Users\iyadk\OneDrive\Desktop\CloudSimSET\cloudsim-3.0.3\bin -XX:+ShowCodeDetailsInExceptionMessages -Djdk.module.main=CloudSimSimplepro 
java_command: CloudSimSimplepro/org.cloudbus.cloudsim.examples.CloudSimExample1GUI
java_class_path (initial): C:\Users\iyadk\OneDrive\Desktop\CloudSimSET\commons-math3-3.6.1.jar.jar;C:\Users\iyadk\OneDrive\Desktop\CloudSimSET\cloudsim-3.0.3\jars\cloudsim-3.0.3-sources.jar;C:\Users\iyadk\OneDrive\Desktop\CloudSimSET\cloudsim-3.0.3\jars\cloudsim-3.0.3.jar;C:\Users\iyadk\OneDrive\Desktop\CloudSimSET\cloudsim-3.0.3\jars\cloudsim-examples-3.0.3-sources.jar;C:\Users\iyadk\OneDrive\Desktop\CloudSimSET\cloudsim-3.0.3\jars\cloudsim-examples-3.0.3.jar
Launcher Type: SUN_STANDARD

[Global flags]
     intx CICompilerCount                          = 4                                         {product} {ergonomic}
     uint ConcGCThreads                            = 2                                         {product} {ergonomic}
     uint G1ConcRefinementThreads                  = 8                                         {product} {ergonomic}
   size_t G1HeapRegionSize                         = 2097152                                   {product} {ergonomic}
    uintx GCDrainStackTargetSize                   = 64                                        {product} {ergonomic}
   size_t InitialHeapSize                          = 199229440                                 {product} {ergonomic}
   size_t MarkStackSize                            = 4194304                                   {product} {ergonomic}
   size_t MaxHeapSize                              = 3185573888                                {product} {ergonomic}
   size_t MinHeapDeltaBytes                        = 2097152                                   {product} {ergonomic}
   size_t MinHeapSize                              = 8388608                                   {product} {ergonomic}
    uintx NonNMethodCodeHeapSize                   = 5839372                                {pd product} {ergonomic}
    uintx NonProfiledCodeHeapSize                  = 122909434                              {pd product} {ergonomic}
    uintx ProfiledCodeHeapSize                     = 122909434                              {pd product} {ergonomic}
    uintx ReservedCodeCacheSize                    = 251658240                              {pd product} {ergonomic}
     bool SegmentedCodeCache                       = true                                      {product} {ergonomic}
     bool ShowCodeDetailsInExceptionMessages       = true                                   {manageable} {command line}
   size_t SoftMaxHeapSize                          = 3185573888                             {manageable} {ergonomic}
     bool UseCompressedClassPointers               = true                           {product lp64_product} {ergonomic}
     bool UseCompressedOops                        = true                           {product lp64_product} {ergonomic}
     bool UseG1GC                                  = true                                      {product} {ergonomic}
     bool UseLargePagesIndividualAllocation        = false                                  {pd product} {ergonomic}

Logging:
Log output configuration:
 #0: stdout all=warning uptime,level,tags
 #1: stderr all=off uptime,level,tags

Environment Variables:
PATH=C:/Users/iyadk/.p2/pool/plugins/org.eclipse.justj.openjdk.hotspot.jre.full.win32.x86_64_17.0.5.v20221102-0933/jre/bin/server;C:/Users/iyadk/.p2/pool/plugins/org.eclipse.justj.openjdk.hotspot.jre.full.win32.x86_64_17.0.5.v20221102-0933/jre/bin;C:\Program Files (x86)\Common Files\Oracle\Java\javapath;C:\ProgramData\Oracle\Java\javapath;C:\Windows\system32;C:\Windows;C:\Windows\System32\Wbem;C:\Windows\System32\WindowsPowerShell\v1.0\;C:\Windows\System32\OpenSSH\;C:\ProgramData\Microsoft\Windows\Start Menu\Programs\CMake;C:\Program Files\dotnet\;C:\MinGW\bin;D:\git\Git\cmd;D:\database\php;C:\Program Files\Java\jdk1.8.0_162;C:\Users\iyadk\AppData\Local\Programs\Python\Python38\Scripts\;C:\Users\iyadk\AppData\Local\Programs\Python\Python38\;D:\python\Scripts\;D:\python\;C:\Users\iyadk\AppData\Local\Microsoft\WindowsApps;D:\Users\iyadk\AppData\Local\Programs\Microsoft VS Code\bin;D:\MinGw\bin;C:\ProgramData\Microsoft\Windows\Start Menu\Programs\CMake;C:\MinGW\bin;C:\Users\iyadk\AppData\Local\Programs\Microsoft VS Code\bin;D:\database\php;C:\Program Files\Java\jdk1.8.0_162;;C:\Users\iyadk\OneDrive\Desktop;
USERNAME=iyadk
OS=Windows_NT
PROCESSOR_IDENTIFIER=Intel64 Family 6 Model 142 Stepping 11, GenuineIntel
TMP=C:\Users\iyadk\AppData\Local\Temp
TEMP=C:\Users\iyadk\AppData\Local\Temp



---------------  S Y S T E M  ---------------

OS:
 Windows 10 , 64 bit Build 19041 (10.0.19041.3155)
OS uptime: 7 days 18:28 hours

CPU: total 8 (initial active 8) (4 cores per cpu, 2 threads per core) family 6 model 142 stepping 11 microcode 0xf4, cx8, cmov, fxsr, ht, mmx, 3dnowpref, sse, sse2, sse3, ssse3, sse4.1, sse4.2, popcnt, lzcnt, tsc, tscinvbit, avx, avx2, aes, erms, clmul, bmi1, bmi2, adx, fma, vzeroupper, clflush, clflushopt

Memory: 4k page, system-wide physical 12148M (2141M free)
TotalPageFile size 14100M (AvailPageFile size 159M)
current process WorkingSet (physical memory assigned to process): 10M, peak: 10M
current process commit charge ("private bytes"): 60M, peak: 249M

vm_info: OpenJDK 64-Bit Server VM (17.0.5+8) for windows-amd64 JRE (17.0.5+8), built on Oct 19 2022 04:48:13 by "temurin" with MS VC++ 16.7 (VS2019)

END.
